[debug] [2025-09-27T20:46:51.766Z] ----------------------------------------------------------------------
[debug] [2025-09-27T20:46:51.775Z] Command:       C:\Program Files\nodejs\node.exe C:\Users\hp\AppData\Roaming\npm\node_modules\firebase-tools\lib\bin\firebase.js init
[debug] [2025-09-27T20:46:51.776Z] CLI Version:   14.6.0
[debug] [2025-09-27T20:46:51.776Z] Platform:      win32
[debug] [2025-09-27T20:46:51.776Z] Node Version:  v22.14.0
[debug] [2025-09-27T20:46:51.777Z] Time:          Sat Sep 27 2025 21:46:51 GMT+0100 (West Africa Standard Time)
[debug] [2025-09-27T20:46:51.777Z] ----------------------------------------------------------------------
[debug] 
[debug] [2025-09-27T20:46:51.783Z] >>> [apiv2][query] GET https://firebase-public.firebaseio.com/cli.json [none]
[debug] [2025-09-27T20:46:51.987Z] > command requires scopes: ["email","openid","https://www.googleapis.com/auth/cloudplatformprojects.readonly","https://www.googleapis.com/auth/firebase","https://www.googleapis.com/auth/cloud-platform"]
[debug] [2025-09-27T20:46:51.988Z] > authorizing via signed-in user (thankgodgab009@gmail.com)
[info] 
     ######## #### ########  ######## ########     ###     ######  ########
     ##        ##  ##     ## ##       ##     ##  ##   ##  ##       ##
     ######    ##  ########  ######   ########  #########  ######  ######
     ##        ##  ##    ##  ##       ##     ## ##     ##       ## ##
     ##       #### ##     ## ######## ########  ##     ##  ######  ########

You're about to initialize a Firebase project in this directory:

  C:\Users\hp\OneDrive\Documents\Web Development Projects\enthusiast-hydrogen-website

[debug] [2025-09-27T20:46:55.191Z] <<< [apiv2][status] GET https://firebase-public.firebaseio.com/cli.json 200
[debug] [2025-09-27T20:46:55.194Z] <<< [apiv2][body] GET https://firebase-public.firebaseio.com/cli.json {"cloudBuildErrorAfter":1594252800000,"cloudBuildWarnAfter":1590019200000,"defaultNode10After":1594252800000,"minVersion":"3.0.5","node8DeploysDisabledAfter":1613390400000,"node8RuntimeDisabledAfter":1615809600000,"node8WarnAfter":1600128000000}
[info] 
=== Project Setup
[info] 
[info] First, let's associate this project directory with a Firebase project.
[info] You can create multiple project aliases by running firebase use --add, 
[info] but for now we'll just set up a default project.
[info] 
[debug] [2025-09-27T20:50:33.037Z] Checked if tokens are valid: false, expires at: 1757272157151
[debug] [2025-09-27T20:50:33.039Z] Checked if tokens are valid: false, expires at: 1757272157151
[debug] [2025-09-27T20:50:33.042Z] > refreshing access token with scopes: []
[debug] [2025-09-27T20:50:33.043Z] >>> [apiv2][query] POST https://www.googleapis.com/oauth2/v3/token [none]
[debug] [2025-09-27T20:50:33.043Z] >>> [apiv2][body] POST https://www.googleapis.com/oauth2/v3/token [omitted]
[debug] [2025-09-27T20:50:41.185Z] <<< [apiv2][status] POST https://www.googleapis.com/oauth2/v3/token 200
[debug] [2025-09-27T20:50:41.185Z] <<< [apiv2][body] POST https://www.googleapis.com/oauth2/v3/token [omitted]
[debug] [2025-09-27T20:50:41.557Z] >>> [apiv2][query] GET https://firebase.googleapis.com/v1beta1/projects pageSize=100
[debug] [2025-09-27T20:50:51.951Z] <<< [apiv2][status] GET https://firebase.googleapis.com/v1beta1/projects 200
[debug] [2025-09-27T20:50:51.951Z] <<< [apiv2][body] GET https://firebase.googleapis.com/v1beta1/projects [omitted]
[info] i  Using project enthusiast-hydrogen (Enthusiast-Hydrogen) 
[info] 
=== Hosting Setup
[debug] [2025-09-27T20:50:58.326Z] Checked if tokens are valid: true, expires at: 1759009840186
[debug] [2025-09-27T20:50:58.327Z] Checked if tokens are valid: true, expires at: 1759009840186
[debug] [2025-09-27T20:50:58.328Z] >>> [apiv2][query] GET https://firebase.googleapis.com/v1beta1/projects/enthusiast-hydrogen [none]
[debug] [2025-09-27T20:50:59.349Z] <<< [apiv2][status] GET https://firebase.googleapis.com/v1beta1/projects/enthusiast-hydrogen 200
[debug] [2025-09-27T20:50:59.349Z] <<< [apiv2][body] GET https://firebase.googleapis.com/v1beta1/projects/enthusiast-hydrogen {"projectId":"enthusiast-hydrogen","projectNumber":"158671003167","displayName":"Enthusiast-Hydrogen","name":"projects/enthusiast-hydrogen","resources":{"hostingSite":"enthusiast-hydrogen"},"state":"ACTIVE","etag":"1_e1f7df80-56b4-42d9-a0ea-41ff4eed7826"}
[info] 
[info] Your public directory is the folder (relative to your project directory) that
[info] will contain Hosting assets to be uploaded with firebase deploy. If you
[info] have a build process for your assets, use your build's output directory.
[info] 
[debug] [2025-09-27T20:58:53.275Z] ExitPromptError: User force closed the prompt with SIGINT
    at Interface.sigint (C:\Users\hp\AppData\Roaming\npm\node_modules\firebase-tools\node_modules\@inquirer\core\dist\commonjs\lib\create-prompt.js:101:37)
    at Interface.emit (node:events:518:28)
    at Interface.emit (node:domain:489:12)
    at [_ttyWrite] [as _ttyWrite] (node:internal/readline/interface:1124:18)
    at ReadStream.onkeypress (node:internal/readline/interface:263:20)
    at ReadStream.emit (node:events:530:35)
    at ReadStream.emit (node:domain:489:12)
    at emitKeys (node:internal/readline/utils:370:14)
    at emitKeys.next (<anonymous>)
    at ReadStream.onData (node:internal/readline/emitKeypressEvents:64:36)
[error] 
[error] Error: An unexpected error has occurred.
